<?xml version="1.0" encoding="UTF-8"?>
<testng-results ignored="0" total="0" passed="0" failed="0" skipped="0">
  <reporter-output>
  </reporter-output>
  <suite started-at="2023-02-10T06:39:13Z" name="ecommerce.component.CreateUserTest" finished-at="2023-02-10T06:39:13Z" duration-ms="2">
    <groups>
    </groups>
    <test started-at="2023-02-10T06:39:13Z" name="Command line test" finished-at="2023-02-10T06:39:13Z" duration-ms="2">
    </test> <!-- Command line test -->
  </suite> <!-- ecommerce.component.CreateUserTest -->
</testng-results>
